This is pdfTeX, Version 3.14159265-2.6-1.40.15 (MiKTeX 2.9 64-bit) (preloaded format=latex 2016.3.12)  16 MAR 2016 17:12
entering extended mode
**\makeatletter\def\HCode{\futurelet\HCode\HChar}\def\HChar{\ifx\HCode\def\HCod
e##1{\Link##1}\expandafter\HCode\else\expandafter\Link\fi}\def\Link#1.a.b.c.{\g
@addto@macro\@documentclasshook{\RequirePackage[#1,html]{tex4ht}}\let\HCode\doc
umentstyle\def\documentstyle{\let\documentstyle\HCode\expandafter\def\csname te
x4ht\endcsname{#1,html}\def\HCode####1{\documentstyle[tex4ht,}\@ifnextchar[{\HC
ode}{\documentstyle[tex4ht]}}}\makeatother\HCode .a.b.c.\input  AssignmentLatex
.tex
(AssignmentLatex.tex ("C:\Program Files\MiKTeX 2.9\tex\latex\base\article.cls"
Document Class: article 2014/09/29 v1.4h Standard LaTeX document class
("C:\Program Files\MiKTeX 2.9\tex\latex\base\size10.clo"
File: size10.clo 2014/09/29 v1.4h Standard LaTeX file (size option)
)
\c@part=\count79
\c@section=\count80
\c@subsection=\count81
\c@subsubsection=\count82
\c@paragraph=\count83
\c@subparagraph=\count84
\c@figure=\count85
\c@table=\count86
\abovecaptionskip=\skip41
\belowcaptionskip=\skip42
\bibindent=\dimen102
)
("C:\Program Files\MiKTeX 2.9\tex\generic\tex4ht\tex4ht.sty"
version 2008-10-27-17:23
Package: tex4ht 
--------------------------------------
--- Note --- for _ at preamble, use the command line option `early_'
--------------------------------------
--------------------------------------
--- Note --- for ^ at preamble, use the command line option `early^'
--------------------------------------
\tmp:toks=\toks14
)
("C:\Program Files\MiKTeX 2.9\tex\generic\tex4ht\usepackage.4ht"
version 2009-05-21-09:32
)
("C:\Program Files\MiKTeX 2.9\tex\latex\graphics\graphicx.sty"
Package: graphicx 2014/10/28 v1.0g Enhanced LaTeX Graphics (DPC,SPQR)

("C:\Program Files\MiKTeX 2.9\tex\latex\graphics\keyval.sty"
Package: keyval 2014/10/28 v1.15 key=value parser (DPC)
\KV@toks@=\toks15
)
("C:\Program Files\MiKTeX 2.9\tex\latex\graphics\graphics.sty"
Package: graphics 2014/10/28 v1.0p Standard LaTeX Graphics (DPC,SPQR)

("C:\Program Files\MiKTeX 2.9\tex\latex\graphics\trig.sty"
Package: trig 1999/03/16 v1.09 sin cos tan (DPC)
)
("C:\Program Files\MiKTeX 2.9\tex\latex\00miktex\graphics.cfg"
File: graphics.cfg 2007/01/18 v1.5 graphics configuration of teTeX/TeXLive
)
Package graphics Info: Driver file: dvips.def on input line 91.

("C:\Program Files\MiKTeX 2.9\tex\latex\graphics\dvips.def"
File: dvips.def 2014/10/14 v3.0j Driver-dependent file (DPC,SPQR)
))
\Gin@req@height=\dimen103
\Gin@req@width=\dimen104
)
("C:\Program Files\MiKTeX 2.9\tex\latex\amsmath\amsmath.sty"
Package: amsmath 2013/01/14 v2.14 AMS math features
\@mathmargin=\skip43

For additional information on amsmath, use the `?' option.
("C:\Program Files\MiKTeX 2.9\tex\latex\amsmath\amstext.sty"
Package: amstext 2000/06/29 v2.01

("C:\Program Files\MiKTeX 2.9\tex\latex\amsmath\amsgen.sty"
File: amsgen.sty 1999/11/30 v2.0
\@emptytoks=\toks16
\ex@=\dimen105
))
("C:\Program Files\MiKTeX 2.9\tex\latex\amsmath\amsbsy.sty"
Package: amsbsy 1999/11/29 v1.2d
\pmbraise@=\dimen106
)
("C:\Program Files\MiKTeX 2.9\tex\latex\amsmath\amsopn.sty"
Package: amsopn 1999/12/14 v2.01 operator names
)
\inf@bad=\count87
LaTeX Info: Redefining \frac on input line 210.
\uproot@=\count88
\leftroot@=\count89
LaTeX Info: Redefining \overline on input line 306.
\classnum@=\count90
\DOTSCASE@=\count91
LaTeX Info: Redefining \ldots on input line 378.
LaTeX Info: Redefining \dots on input line 381.
LaTeX Info: Redefining \cdots on input line 466.
\Mathstrutbox@=\box26
\strutbox@=\box27
\big@size=\dimen107
LaTeX Font Info:    Redeclaring font encoding OML on input line 566.
LaTeX Font Info:    Redeclaring font encoding OMS on input line 567.
\macc@depth=\count92
\c@MaxMatrixCols=\count93
\dotsspace@=\muskip10
\c@parentequation=\count94
\dspbrk@lvl=\count95
\tag@help=\toks17
\row@=\count96
\column@=\count97
\maxfields@=\count98
\andhelp@=\toks18
\eqnshift@=\dimen108
\alignsep@=\dimen109
\tagshift@=\dimen110
\tagwidth@=\dimen111
\totwidth@=\dimen112
\lineht@=\dimen113
\@envbody=\toks19
\multlinegap=\skip44
\multlinetaggap=\skip45
\mathdisplay@stack=\toks20
LaTeX Info: Redefining \[ on input line 2665.
LaTeX Info: Redefining \] on input line 2666.
)
("C:\Program Files\MiKTeX 2.9\tex\generic\tex4ht\tex4ht.4ht"
version 2009-01-07-07:11
--------------------------------------
--- Note --- for additional information, use the command line option `info'
--------------------------------------

::::::::::::::::::::::::::::::::::::::::::
 TeX4ht info is available in the log file 
::::::::::::::::::::::::::::::::::::::::::
) ("C:\Program Files\MiKTeX 2.9\tex\generic\tex4ht\tex4ht.sty"
version 2008-10-27-17:23

--- needs --- tex4ht AssignmentLatex ---
\tmp:cnt=\count99
(AssignmentLatex.tmp)
\tmp:dim=\skip46
--------------------------------------
--- Note --- for XML code, use the command line option `xml' or `xhtml'
--------------------------------------
 (AssignmentLatex.xref)
\:refout=\write3

("C:\Program Files\MiKTeX 2.9\tex\generic\tex4ht\html4.4ht"
version 2015-01-26-15:58
--------------------------------------
--- Note --- to remove the <?xml version=...?> processing instruction use the c
ommand line option `no-VERSION'
--------------------------------------
--------------------------------------
--- Note --- to remove the DOCTYPE declaration use the command line option `no-
DOCTYPE'
--------------------------------------
)
("C:\Program Files\MiKTeX 2.9\tex\generic\tex4ht\html4-math.4ht"
version 2009-05-18-23:01
)
--------------------------------------
--- Note --- for marking of the base font, use the command line option `fonts+'

--------------------------------------
--------------------------------------
--- Note --- for non active _, use the command line option `no_'
--------------------------------------
--------------------------------------
--- Note --- for _ of catcode 13, use the command line option `_13'
--------------------------------------
--------------------------------------
--- Note --- for non active ^, use the command line option `no^'
--------------------------------------
--------------------------------------
--- Note --- for ^ of catcode 13, use the command line option `^13'
--------------------------------------

("C:\Program Files\MiKTeX 2.9\tex\generic\tex4ht\html4.4ht"
version 2015-01-26-15:58
--------------------------------------
--- Note --- for alternative charset, use the command line option `charset=...'

--------------------------------------
--------------------------------------
--- Note --- to ignore CSS font decoration, use the `NoFonts' command line opti
on
--------------------------------------
--------------------------------------
--- Note --- for jpg bitmaps of pictures, use the `jpg' command line option. (C
haracter bitmaps are controled only by `g' records of tex4ht.env and `-g' switc
hes of tex4ht.c) 
--------------------------------------
--------------------------------------
--- Note --- for gif bitmaps of pictures, use the `gif' command line option. (C
haracter bitmaps are controled only by `g' records of tex4ht.env and `-g' switc
hes of tex4ht.c) 
--------------------------------------
--------------------------------------
--- Note --- for content and toc in 2 frames, use the command line option `fram
es'
--------------------------------------
--------------------------------------
--- Note --- for content, toc, and footnotes in 3 frames, use the command line 
option `frames-fn'
--------------------------------------
--------------------------------------
--- Note --- for file extension name xht, use the command line option `xht'
--------------------------------------
TeX4ht package options: html
--------------------------------------
--- Note --- to ignore CSS code, use the command line option `-css
--------------------------------------
--------------------------------------
--- Note --- for inline CSS code, use the command line option `css-in'
--------------------------------------
--------------------------------------
--- Note --- for pop ups on mouse over, use the command line option `mouseover'

--------------------------------------
--------------------------------------
--- Note --- for addressing images in a subdirectory, use the command line opti
on `imgdir:.../'
--------------------------------------
)
("C:\Program Files\MiKTeX 2.9\tex\generic\tex4ht\html4-math.4ht"
version 2009-05-18-23:01
)
\:tokwrite=\toks21
\:tokpage=\toks22
--------------------------------------
--- Note --- for back links to toc, use the command line option `sections+'
--------------------------------------
--------------------------------------
--- Note --- for linear crosslinks of pages, use the command line option `next'

--------------------------------------
\:tocout=\write4

("C:\Program Files\MiKTeX 2.9\tex\generic\tex4ht\html4.4ht"
version 2015-01-26-15:58
)
("C:\Program Files\MiKTeX 2.9\tex\generic\tex4ht\html4-math.4ht"
version 2009-05-18-23:01
)
("C:\Program Files\MiKTeX 2.9\tex\generic\tex4ht\latex.4ht"
version 2009-05-21-09:32
--------------------------------------
--- Note --- for links into captions, instead of float heads, use the command l
ine option `refcaption'
--------------------------------------

("C:\Program Files\MiKTeX 2.9\tex\generic\tex4ht\html4.4ht"
version 2015-01-26-15:58
--------------------------------------
--- Note --- For mini tocs immediately aftter the header use the command line o
ption `minitoc<'
--------------------------------------
--------------------------------------
--- Note --- for enumerated list elements with valued data, use the command lin
e option `enumerate+'
--------------------------------------
--------------------------------------
--- Note --- for enumerated list elements li's with value attributes, use the c
ommand line option `enumerate-'
--------------------------------------
--------------------------------------
--- Note --- for CSS2 code, use the command line option `css2'
--------------------------------------
--------------------------------------
--- Note --- for pictorial tabular, use the command line option `pic-tabular'
--------------------------------------
--------------------------------------
--- Note --- for bitmap fbox'es, use the command line option `pic-fbox'
--------------------------------------
--------------------------------------
--- Note --- for bitmap framebox'es, use the command line option `pic-framebox'

--------------------------------------
--------------------------------------
--- Note --- for inline footnotes use command line option `fn-in'
--------------------------------------
--------------------------------------
--- Note --- for tracing of latex font commands, use the command line option `f
onts'
--------------------------------------
--------------------------------------
--- Note --- for width specifications of tabular p entries, use the `p-width' c
ommand line option or a configuration similar to \Configure{HColWidth}{\HCode{ 
style="width:\HColWidth"}}
--------------------------------------
)
("C:\Program Files\MiKTeX 2.9\tex\generic\tex4ht\html4-math.4ht"
version 2009-05-18-23:01
--------------------------------------
--- Note --- for pictorial eqnarray, use the command line option `pic-eqnarray'

--------------------------------------
--------------------------------------
--- Note --- for pictorial array, use the command line option `pic-array'
--------------------------------------
--------------------------------------
--- Note --- for pictorial $...$ environments, use the command line option `pic
-m' (not recommended!!)
--------------------------------------
--------------------------------------
--- Note --- for pictorial $...$ and $$...$$ environments with latex alt, use t
he command line option `pic-m+' (not safe!!)
--------------------------------------
--------------------------------------
--- Note --- for pictorial array, use the command line option `pic-array'
--------------------------------------
))
("C:\Program Files\MiKTeX 2.9\tex\generic\tex4ht\fontmath.4ht"
version 2009-05-21-09:32

("C:\Program Files\MiKTeX 2.9\tex\generic\tex4ht\html4.4ht"
version 2015-01-26-15:58
)
("C:\Program Files\MiKTeX 2.9\tex\generic\tex4ht\html4-math.4ht"
version 2009-05-18-23:01
))
("C:\Program Files\MiKTeX 2.9\tex\generic\tex4ht\article.4ht"
version 2009-05-21-09:32

("C:\Program Files\MiKTeX 2.9\tex\generic\tex4ht\html4.4ht"
version 2015-01-26-15:58
--------------------------------------
--- Note --- for automatic sectioning pagination, use the command line option `
1', `2', `3', '4', '5', '6', or '7'
--------------------------------------
--------------------------------------
--- Note --- for files named derived from section titles, use the command line 
option `sec-filename'
--------------------------------------
--------------------------------------
--- Note --- for i-columns index, use the command line option `index=i' (e.g., 
index=2)
--------------------------------------
)
("C:\Program Files\MiKTeX 2.9\tex\generic\tex4ht\html4-math.4ht"
version 2009-05-18-23:01
))
("C:\Program Files\MiKTeX 2.9\tex\generic\tex4ht\graphicx.4ht"
version 2015-08-05-15:37

("C:\Program Files\MiKTeX 2.9\tex\generic\tex4ht\html4.4ht"
version 2015-01-26-15:58
)
("C:\Program Files\MiKTeX 2.9\tex\generic\tex4ht\html4-math.4ht"
version 2009-05-18-23:01
))
("C:\Program Files\MiKTeX 2.9\tex\generic\tex4ht\graphics.4ht"
version 2009-05-21-09:32

("C:\Program Files\MiKTeX 2.9\tex\generic\tex4ht\html4.4ht"
version 2015-01-26-15:58
--------------------------------------
--- Note --- if included graphics are of degraded quality, try the command line
 options `graphics-num' or `graphics-'. The `num' should provide the density of
 pixels in the bitmaps (e.g., 110). 
--------------------------------------
--------------------------------------
--- Note --- for key dimensions try the option `Gin-dim'; for key dimensions wh
en bounding box is unavailable try `Gin-dim+'; neither is recommended
--------------------------------------
)
("C:\Program Files\MiKTeX 2.9\tex\generic\tex4ht\html4-math.4ht"
version 2009-05-18-23:01
))
("C:\Program Files\MiKTeX 2.9\tex\generic\tex4ht\dvips.4ht"
version 2009-05-21-09:32

("C:\Program Files\MiKTeX 2.9\tex\generic\tex4ht\html4.4ht"
version 2015-01-26-15:58
)
("C:\Program Files\MiKTeX 2.9\tex\generic\tex4ht\html4-math.4ht"
version 2009-05-18-23:01
))
("C:\Program Files\MiKTeX 2.9\tex\generic\tex4ht\amsmath.4ht"
version 2009-05-21-09:32
\tmp:muskip=\muskip11

("C:\Program Files\MiKTeX 2.9\tex\generic\tex4ht\html4.4ht"
version 2015-01-26-15:58
)
("C:\Program Files\MiKTeX 2.9\tex\generic\tex4ht\html4-math.4ht"
version 2009-05-18-23:01
))
("C:\Program Files\MiKTeX 2.9\tex\generic\tex4ht\amstext.4ht"
version 2009-05-21-09:32

("C:\Program Files\MiKTeX 2.9\tex\generic\tex4ht\html4.4ht"
version 2015-01-26-15:58
)
("C:\Program Files\MiKTeX 2.9\tex\generic\tex4ht\html4-math.4ht"
version 2009-05-18-23:01
))
("C:\Program Files\MiKTeX 2.9\tex\generic\tex4ht\amsbsy.4ht"
version 2009-05-21-09:32

("C:\Program Files\MiKTeX 2.9\tex\generic\tex4ht\html4.4ht"
version 2015-01-26-15:58
)
("C:\Program Files\MiKTeX 2.9\tex\generic\tex4ht\html4-math.4ht"
version 2009-05-18-23:01
))
("C:\Program Files\MiKTeX 2.9\tex\generic\tex4ht\amsopn.4ht"
version 2009-05-21-09:32

("C:\Program Files\MiKTeX 2.9\tex\generic\tex4ht\html4.4ht"
version 2015-01-26-15:58
)
("C:\Program Files\MiKTeX 2.9\tex\generic\tex4ht\html4-math.4ht"
version 2009-05-18-23:01
))
("C:\Program Files\MiKTeX 2.9\tex\generic\tex4ht\html4.4ht"
version 2015-01-26-15:58
)
("C:\Program Files\MiKTeX 2.9\tex\generic\tex4ht\html4-math.4ht"
version 2009-05-18-23:01
))
(AssignmentLatex.aux)
LaTeX Font Info:    Checking defaults for OML/cmm/m/it on input line 9.
LaTeX Font Info:    ... okay on input line 9.
LaTeX Font Info:    Checking defaults for T1/cmr/m/n on input line 9.
LaTeX Font Info:    ... okay on input line 9.
LaTeX Font Info:    Checking defaults for OT1/cmr/m/n on input line 9.
LaTeX Font Info:    ... okay on input line 9.
LaTeX Font Info:    Checking defaults for OMS/cmsy/m/n on input line 9.
LaTeX Font Info:    ... okay on input line 9.
LaTeX Font Info:    Checking defaults for OMX/cmex/m/n on input line 9.
LaTeX Font Info:    ... okay on input line 9.
LaTeX Font Info:    Checking defaults for U/cmr/m/n on input line 9.
LaTeX Font Info:    ... okay on input line 9.
--- file AssignmentLatex.css ---
 [1

] [2]
Missing character: There is no â in font cmbx10!
Missing character: There is no ‚ in font cmbx10!
Missing character: There is no ¬ in font cmbx10!
Missing character: There is no â in font cmbx10!
Missing character: There is no ‚ in font cmbx10!
Missing character: There is no ¬ in font cmbx10!
Missing character: There is no â in font cmbx10!
Missing character: There is no ‚ in font cmbx10!
Missing character: There is no ¬ in font cmbx10!
l. 21 Writing AssignmentLatex.idv[1] (AssignmentLatex0x.png)
l. 24 Writing AssignmentLatex.idv[2] (AssignmentLatex1x.png)
l. 24 Writing AssignmentLatex.idv[3] (AssignmentLatex2x.png)
l. 24 Writing AssignmentLatex.idv[4] (AssignmentLatex3x.png)
l. 25 Writing AssignmentLatex.idv[5] (AssignmentLatex4x.png)
l. 32 Writing AssignmentLatex.idv[6] (AssignmentLatex5x.png)
 [3]
l. 66 Writing AssignmentLatex.idv[7] (AssignmentLatex6x.png)
l. 66 Writing AssignmentLatex.idv[8] (AssignmentLatex7x.png)
l. 66 Writing AssignmentLatex.idv[9] (AssignmentLatex8x.png)
l. 68 Writing AssignmentLatex.idv[10] (AssignmentLatex9x.png)
Missing character: There is no â in font cmbx10!
Missing character: There is no ‚ in font cmbx10!
Missing character: There is no ¬ in font cmbx10!
Missing character: There is no â in font cmbx10!
Missing character: There is no ‚ in font cmbx10!
Missing character: There is no ¬ in font cmbx10!
Missing character: There is no â in font cmbx10!
Missing character: There is no ‚ in font cmbx10!
Missing character: There is no ¬ in font cmbx10!
Missing character: There is no â in font cmbx10!
Missing character: There is no ‚ in font cmbx10!
Missing character: There is no ¬ in font cmbx10!
Missing character: There is no â in font cmbx10!
Missing character: There is no ‚ in font cmbx10!
Missing character: There is no ¬ in font cmbx10!
Missing character: There is no â in font cmbx10!
Missing character: There is no ‚ in font cmbx10!
Missing character: There is no ¬ in font cmbx10!
Missing character: There is no â in font cmbx10!
Missing character: There is no ‚ in font cmbx10!
Missing character: There is no ¬ in font cmbx10!
l. 87 Writing AssignmentLatex.idv[11] (AssignmentLatex10x.png)
Missing character: There is no Î in font cmbx10!
Missing character: There is no ¸ in font cmbx10!
 [4]
Missing character: There is no â in font cmbx10!
Missing character: There is no ‚ in font cmbx10!
Missing character: There is no ¬ in font cmbx10!
Missing character: There is no â in font cmbx10!
Missing character: There is no ‚ in font cmbx10!
Missing character: There is no ¬ in font cmbx10!
Missing character: There is no â in font cmbx10!
Missing character: There is no ‚ in font cmbx10!
Missing character: There is no ¬ in font cmbx10!
Missing character: There is no â in font cmbx10!
Missing character: There is no ‚ in font cmbx10!
Missing character: There is no ¬ in font cmbx10!
 [5]
l. 207 Writing AssignmentLatex.idv[12] (AssignmentLatex11x.png)
l. 209 Writing AssignmentLatex.idv[13] (AssignmentLatex12x.png)
l. 212 Writing AssignmentLatex.idv[14] (AssignmentLatex13x.png)
l. 214 Writing AssignmentLatex.idv[15] (AssignmentLatex14x.png)
l. 216 Writing AssignmentLatex.idv[16] (AssignmentLatex15x.png)
l. 218 Writing AssignmentLatex.idv[17] (AssignmentLatex16x.png)
l. 220 Writing AssignmentLatex.idv[18] (AssignmentLatex17x.png)
l. 246 Writing AssignmentLatex.idv[19] (AssignmentLatex18x.png)
l. 246 Writing AssignmentLatex.idv[20] (AssignmentLatex19x.png)
l. 246 Writing AssignmentLatex.idv[21] (AssignmentLatex20x.png)
l. 246 Writing AssignmentLatex.idv[22] (AssignmentLatex21x.png)
Missing character: There is no â in font cmbx10!
Missing character: There is no ‚ in font cmbx10!
Missing character: There is no ¬ in font cmbx10!
Missing character: There is no â in font cmbx10!
Missing character: There is no ‚ in font cmbx10!
Missing character: There is no ¬ in font cmbx10!
Missing character: There is no â in font cmbx10!
Missing character: There is no ‚ in font cmbx10!
Missing character: There is no ¬ in font cmbx10!
Missing character: There is no â in font cmbx10!
Missing character: There is no ‚ in font cmbx10!
Missing character: There is no ¬ in font cmbx10!
l. 265 Writing AssignmentLatex.idv[23] (AssignmentLatex22x.png)
l. 267 Writing AssignmentLatex.idv[24] (AssignmentLatex23x.png)
 [6]
l. 279 Writing AssignmentLatex.idv[25] (AssignmentLatex24x.png)
l. 279 Writing AssignmentLatex.idv[26] (AssignmentLatex25x.png)
l. 279 Writing AssignmentLatex.idv[27] (AssignmentLatex26x.png)
l. 279 Writing AssignmentLatex.idv[28] (AssignmentLatex27x.png)
Missing character: There is no â in font cmbx10!
Missing character: There is no ‚ in font cmbx10!
Missing character: There is no ¬ in font cmbx10!
Missing character: There is no â in font cmbx10!
Missing character: There is no ‚ in font cmbx10!
Missing character: There is no ¬ in font cmbx10!
Missing character: There is no â in font cmbx10!
Missing character: There is no ‚ in font cmbx10!
Missing character: There is no ¬ in font cmbx10!
Missing character: There is no â in font cmbx10!
Missing character: There is no ‚ in font cmbx10!
Missing character: There is no ¬ in font cmbx10!
l. 298 Writing AssignmentLatex.idv[29] (AssignmentLatex28x.png)
l. 312 Writing AssignmentLatex.idv[30] (AssignmentLatex29x.png)
l. 312 Writing AssignmentLatex.idv[31] (AssignmentLatex30x.png)
l. 312 Writing AssignmentLatex.idv[32] (AssignmentLatex31x.png)
l. 312 Writing AssignmentLatex.idv[33] (AssignmentLatex32x.png)
Missing character: There is no â in font cmbx10!
Missing character: There is no ‚ in font cmbx10!
Missing character: There is no ¬ in font cmbx10!
Missing character: There is no â in font cmbx10!
Missing character: There is no ‚ in font cmbx10!
Missing character: There is no ¬ in font cmbx10!
Missing character: There is no â in font cmbx10!
Missing character: There is no ‚ in font cmbx10!
Missing character: There is no ¬ in font cmbx10!
Missing character: There is no â in font cmbx10!
Missing character: There is no ‚ in font cmbx10!
Missing character: There is no ¬ in font cmbx10!
l. 331 Writing AssignmentLatex.idv[34] (AssignmentLatex33x.png)
l. 345 Writing AssignmentLatex.idv[35] (AssignmentLatex34x.png)
l. 345 Writing AssignmentLatex.idv[36] (AssignmentLatex35x.png)
l. 345 Writing AssignmentLatex.idv[37] (AssignmentLatex36x.png)
l. 345 Writing AssignmentLatex.idv[38] (AssignmentLatex37x.png)
 [7]
Missing character: There is no â in font cmbx10!
Missing character: There is no € in font cmbx10!
Missing character: There is no œ in font cmbx10!
Missing character: There is no â in font cmbx10!
Missing character: There is no € in font cmbx10!
Missing character: There is no  in font cmbx10!

l.383 --- TeX4ht warning --- File `Figure1.xbb' not found ---
l.383 --- TeX4ht warning --- Cannot determine size of graphic in Figure1.xbb (n
o BoundingBox) ---
l. 383 --- needs --- Figure1.png ---
[8]
l.390 --- TeX4ht warning --- File `Figure2.xbb' not found ---
l.390 --- TeX4ht warning --- Cannot determine size of graphic in Figure2.xbb (n
o BoundingBox) ---
l. 390 --- needs --- Figure2.png ---
[9] (AssignmentLatex.aux) ) 
Here is how much of TeX's memory you used:
 5006 strings out of 493699
 55795 string characters out of 3144438
 255048 words of memory out of 3000000
 8268 multiletter control sequences out of 15000+200000
 9723 words of font info for 36 fonts, out of 3000000 for 9000
 1025 hyphenation exceptions out of 8191
 30i,7n,25p,911b,505s stack positions out of 5000i,500n,10000p,200000b,50000s

Output written on AssignmentLatex.dvi (9 pages, 76824 bytes).
